2023-07-25 19:52:57.044 - logStarting - [34mINFO [0;39m [1;30m|[0;39m Starting PeugeotApplication using Java 20.0.1 with PID 28644 (/home/lutteri_i/IdeaProjects/Peugeot/target/classes started by lutteri_i in /home/lutteri_i/IdeaProjects/Peugeot)
2023-07-25 19:52:57.045 - logStartupProfileInfo - [34mINFO [0;39m [1;30m|[0;39m No active profile set, falling back to 1 default profile: "default"
2023-07-25 19:52:57.337 - registerRepositoriesIn - [34mINFO [0;39m [1;30m|[0;39m Bootstrapping Spring Data JPA repositories in DEFAULT mode.
2023-07-25 19:52:57.364 - registerRepositoriesIn - [34mINFO [0;39m [1;30m|[0;39m Finished Spring Data repository scanning in 23 ms. Found 2 JPA repository interfaces.
2023-07-25 19:52:57.594 - initialize - [34mINFO [0;39m [1;30m|[0;39m Tomcat initialized with port(s): 8080 (http)
2023-07-25 19:52:57.597 - log - [34mINFO [0;39m [1;30m|[0;39m Initializing ProtocolHandler ["http-nio-8080"]
2023-07-25 19:52:57.599 - log - [34mINFO [0;39m [1;30m|[0;39m Starting service [Tomcat]
2023-07-25 19:52:57.599 - log - [34mINFO [0;39m [1;30m|[0;39m Starting Servlet engine: [Apache Tomcat/10.1.11]
2023-07-25 19:52:57.642 - log - [34mINFO [0;39m [1;30m|[0;39m Initializing Spring embedded WebApplicationContext
2023-07-25 19:52:57.643 - prepareWebApplicationContext - [34mINFO [0;39m [1;30m|[0;39m Root WebApplicationContext: initialization completed in 570 ms
2023-07-25 19:52:57.716 - logPersistenceUnitInformation - [34mINFO [0;39m [1;30m|[0;39m HHH000204: Processing PersistenceUnitInfo [name: default]
2023-07-25 19:52:57.734 - logVersion - [34mINFO [0;39m [1;30m|[0;39m HHH000412: Hibernate ORM core version 6.2.6.Final
2023-07-25 19:52:57.735 - <clinit> - [34mINFO [0;39m [1;30m|[0;39m HHH000406: Using bytecode reflection optimizer
2023-07-25 19:52:57.791 - buildBytecodeProvider - [34mINFO [0;39m [1;30m|[0;39m HHH000021: Bytecode provider name : bytebuddy
2023-07-25 19:52:57.855 - addTransformer - [34mINFO [0;39m [1;30m|[0;39m No LoadTimeWeaver setup: ignoring JPA class transformer
2023-07-25 19:52:57.863 - getConnection - [34mINFO [0;39m [1;30m|[0;39m HikariPool-1 - Starting...
2023-07-25 19:53:00.738 - checkFailFast - [34mINFO [0;39m [1;30m|[0;39m HikariPool-1 - Added connection com.mysql.cj.jdbc.ConnectionImpl@29147c12
2023-07-25 19:53:00.741 - getConnection - [34mINFO [0;39m [1;30m|[0;39m HikariPool-1 - Start completed.
2023-07-25 19:53:01.028 - logSelectedDialect - [31mWARN [0;39m [1;30m|[0;39m HHH90000026: MySQL8Dialect has been deprecated; use org.hibernate.dialect.MySQLDialect instead
2023-07-25 19:53:01.113 - buildBytecodeProvider - [34mINFO [0;39m [1;30m|[0;39m HHH000021: Bytecode provider name : bytebuddy
2023-07-25 19:53:01.386 - initiateService - [34mINFO [0;39m [1;30m|[0;39m HHH000490: Using JtaPlatform implementation: [org.hibernate.engine.transaction.jta.platform.internal.NoJtaPlatform]
2023-07-25 19:53:03.946 - buildNativeEntityManagerFactory - [34mINFO [0;39m [1;30m|[0;39m Initialized JPA EntityManagerFactory for persistence unit 'default'
2023-07-25 19:53:04.139 - openEntityManagerInViewInterceptor - [31mWARN [0;39m [1;30m|[0;39m spring.jpa.open-in-view is enabled by default. Therefore, database queries may be performed during view rendering. Explicitly configure spring.jpa.open-in-view to disable this warning
2023-07-25 19:53:04.303 - log - [34mINFO [0;39m [1;30m|[0;39m Starting ProtocolHandler ["http-nio-8080"]
2023-07-25 19:53:04.311 - start - [34mINFO [0;39m [1;30m|[0;39m Tomcat started on port(s): 8080 (http) with context path ''
2023-07-25 19:53:04.316 - logStarted - [34mINFO [0;39m [1;30m|[0;39m Started PeugeotApplication in 7.516 seconds (process running for 7.789)
2023-07-25 19:53:31.711 - log - [34mINFO [0;39m [1;30m|[0;39m Initializing Spring DispatcherServlet 'dispatcherServlet'
2023-07-25 19:53:31.711 - initServletBean - [34mINFO [0;39m [1;30m|[0;39m Initializing Servlet 'dispatcherServlet'
2023-07-25 19:53:31.712 - initServletBean - [34mINFO [0;39m [1;30m|[0;39m Completed initialization in 1 ms
2023-07-25 19:53:33.764 - hacerVenta - [1;31mERROR[0;39m [1;30m|[0;39m hacerVentaNo existe el auto con id 8.
2023-07-25 19:53:52.297 - hacerVenta - [1;31mERROR[0;39m [1;30m|[0;39m hacerVentaNo existe el auto con id 8.
